2018-01-04 12:36:46 INFO  ContentManagementFolderAttachment:147 - ***************************************************************************
2018-01-04 12:36:46 INFO  ContentManagementFolderAttachment:148 - 129612	/R10.6/		null
2018-01-04 12:36:46 INFO  ContentManagementFolderAttachment:149 - ***************************************************************************
2018-01-04 12:37:17 INFO  ContentManagementFolderAttachment:147 - ***************************************************************************
2018-01-04 12:37:17 INFO  ContentManagementFolderAttachment:148 - 129612	/R10.5/		null
2018-01-04 12:37:17 INFO  ContentManagementFolderAttachment:149 - ***************************************************************************
2018-01-04 12:45:01 INFO  ContentManagementFileAttachment:59 - No Of Files Found :7233
2018-01-04 12:46:21 INFO  ContentManagementFileAttachment:59 - No Of Files Found :7233
2018-01-04 12:47:52 INFO  ContentManagementFileAttachment:59 - No Of Files Found :7233
2018-01-04 12:50:15 INFO  ContentManagementFileAttachmentBatch1:60 - No Of Files Found :7233
2018-01-04 12:53:14 INFO  ContentManagementFileAttachmentBatch1:60 - No Of Files Found :7233
2018-01-04 12:54:11 INFO  ContentManagementFileAttachmentBatch1:60 - No Of Files Found :7233
2018-01-04 12:54:36 INFO  ContentManagementFileAttachmentBatch1:60 - No Of Files Found :7233
2018-01-04 12:56:39 INFO  ContentManagementFileAttachmentBatch1:60 - No Of Files Found :7233
2018-01-04 12:58:25 INFO  ContentManagementFileAttachmentBatch1:60 - No Of Files Found :7233
2018-01-04 13:00:05 INFO  ContentManagementFileAttachmentBatch1:60 - No Of Files Found :7233
2018-01-04 13:00:14 INFO  ContentManagementFileAttachmentBatch1:60 - No Of Files Found :7233
2018-01-04 13:00:50 INFO  ContentManagementFileAttachmentBatch1:60 - No Of Files Found :7233
2018-01-04 13:03:56 INFO  ContentManagementFileAttachmentBatch1:60 - No Of Files Found :7233
2018-01-04 13:04:13 INFO  ContentManagementFileAttachmentBatch1:60 - No Of Files Found :7233
2018-01-04 13:09:59 INFO  ContentManagementFileAttachmentBatch1:60 - No Of Files Found :7233
2018-01-04 13:10:42 INFO  ContentManagementFileAttachmentBatch1:60 - No Of Files Found :22
2018-01-04 13:12:56 INFO  ContentManagementFileAttachmentBatch1:60 - No Of Files Found :22
2018-01-04 15:02:09 INFO  ContentManagementFileAttachmentBatch1:60 - No Of Files Found :22
2018-01-04 15:13:35 INFO  ContentManagementFileAttachmentBatch1:60 - No Of Files Found :22
2018-01-04 15:13:55 INFO  ContentManagementFileAttachmentBatch1:60 - No Of Files Found :22
2018-01-04 15:15:55 INFO  ContentManagementFileAttachmentBatch1:60 - No Of Files Found :22
2018-01-04 20:02:43 INFO  ContentManagementFileAttachmentBatch:60 - No Of Files Found :7233
2018-01-04 20:05:02 INFO  ContentManagementFileAttachmentBatch:59 - No Of Files Found :7233
2018-01-04 20:05:50 INFO  ContentManagementFileAttachmentBatch:59 - No Of Files Found :7233
2018-01-04 20:07:26 INFO  ContentManagementFolderAttachmentBatch:57 - No Of Folders Found :7233
